<?xml version="1.0" encoding="UTF-8"?>
<!-- Generated by org.testng.reporters.JUnitReportReporter -->
<testsuite hostname="Suhass-MacBook-Air.local" failures="0" tests="2" name="com.comcast.scm.hometest.CreateManufacturerIntegrationTest" time="8.844" errors="0" timestamp="2024-06-20T18:59:13 IST" skipped="0">
  <testcase classname="com.comcast.scm.hometest.CreateManufacturerIntegrationTest" name="createManufacturerIntegrationTest" time="4.406"/>
  <system-out/>
  <testcase classname="com.comcast.scm.hometest.CreateManufacturerIntegrationTest" name="createManufacturerIntegrationTest" time="4.438"/>
  <system-out/>
</testsuite> <!-- com.comcast.scm.hometest.CreateManufacturerIntegrationTest -->
