<?xml version="1.0" encoding="UTF-8"?>
<!-- Generated by org.testng.reporters.JUnitReportReporter -->
<testsuite hostname="Suhass-MacBook-Air.local" failures="0" tests="1" name="com.comcast.crm.contacttest.SampleTest" time="0.669" errors="0" timestamp="2024-06-01T11:24:47 IST" skipped="0">
  <testcase classname="com.comcast.crm.contacttest.SampleTest" name="createConTactTest" time="0.669"/>
  <system-out/>
</testsuite> <!-- com.comcast.crm.contacttest.SampleTest -->
